Tuan Budi berhasil memesan tiket kapal dengan informasi sebagai berikut:
Nama Kapal: Kapal Api
Tujuan: Tanah Thai
Harga: 2000
Tuan Budi memilih kamar di kapal
--------------------
Tuan Budi berangkat menuju pelabuhan
Tuan Budi melakukan verifikasi tiket
--------------------
Tuan Budi menaiki kapal Kapal Api
Kapal Api berlayar menuju Tanah Thai
Budi berhasil kabur, selamat tinggal Konoha!
Tuan Moel berhasil memesan tiket pesawat dengan informasi sebagai berikut:
Maskapai: Singa Air
Tujuan: Korea Timur
Harga: 1000
--------------------
Tuan Moel berangkat ke bandara
Tuan Moel melakukan check-in dan mengurus bagasi
--------------------
Tuan Moel naik pesawat dan menunggu pesawat lepas landas
Pesawat Singa Air lepas landas menuju Korea Timur
Moel berhasil kabur, sayonara!
48675be1a70069909be286bba487e126